2022-12-21T02:39:18+00:00 CRITICAL Uncaught TypeError: in_array(): Argument #2 ($haystack) must be of type array, null given in /var/www/html/wp-content/themes/pitstop/vc_templates/common_woocommerce.php:256
Stack trace:
#0 /var/www/html/wp-content/themes/pitstop/vc_templates/common_woocommerce.php(256): in_array(7681, NULL)
#1 /var/www/html/wp-content/plugins/js_composer/include/classes/shortcodes/core/class-wpbakeryshortcode.php(451): require('/var/www/html/w...')
#2 /var/www/html/wp-content/plugins/js_composer/include/classes/shortcodes/core/class-wpbakeryshortcode.php(424): WPBakeryShortCode->loadTemplate(Array, '')
#3 /var/www/html/wp-content/plugins/js_composer/include/classes/shortcodes/core/class-wpbakeryshortcode.php(546): WPBakeryShortCode->content(Array, '')
#4 /var/www/html/wp-content/plugins/js_composer/include/helpers/helpers.php(1323): WPBakeryShortCode->output(Array, '')
#5 /var/www/html/wp-includes/shortcodes.php(355): vc_do_shortcode(Array, '', 'common_woocomme...')
#6 [internal function]: do_shortcode_tag(Array)
#7 /var/www/html/wp-includes/shortcodes.php(227): preg_replace_callback('/\\[(\\[?)(common...', 'do_shortcode_ta...', '[common_woocomm...')
#8 /var/www/html/wp-content/plugins/js_composer/include/helpers/helpers.php(246): do_shortcode('[common_woocomm...')
#9 /var/www/html/wp-content/themes/pitstop/vc_templates/vc_column.php(137): wpb_js_remove_wpautop('[common_woocomm...')
#10 /var/www/html/wp-content/plugins/js_composer/include/classes/shortcodes/core/class-wpbakeryshortcode.php(451): require('/var/www/html/w...')
#11 /var/www/html/wp-content/plugins/js_composer/include/classes/shortcodes/core/class-wpbakeryshortcode.php(424): WPBakeryShortCode->loadTemplate(Array, '[common_woocomm...')
#12 /var/www/html/wp-content/plugins/js_composer/include/classes/shortcodes/core/class-wpbakeryshortcode.php(546): WPBakeryShortCode->content(Array, '[common_woocomm...')
#13 /var/www/html/wp-content/plugins/js_composer/include/helpers/helpers.php(1323): WPBakeryShortCode->output(Array, '[common_woocomm...')
#14 /var/www/html/wp-includes/shortcodes.php(355): vc_do_shortcode(Array, '[common_woocomm...', 'vc_column')
#15 [internal function]: do_shortcode_tag(Array)
#16 /var/www/html/wp-includes/shortcodes.php(227): preg_replace_callback('/\\[(\\[?)(vc_col...', 'do_shortcode_ta...', '[vc_column ptex...')
#17 /var/www/html/wp-content/plugins/js_composer/include/helpers/helpers.php(246): do_shortcode('[vc_column ptex...')
#18 /var/www/html/wp-content/themes/pitstop/vc_templates/vc_row.php(265): wpb_js_remove_wpautop('[vc_column ptex...')
#19 /var/www/html/wp-content/plugins/js_composer/include/classes/shortcodes/core/class-wpbakeryshortcode.php(451): require('/var/www/html/w...')
#20 /var/www/html/wp-content/plugins/js_composer/include/classes/shortcodes/vc-row.php(40): WPBakeryShortCode->loadTemplate(Array, '[vc_column ptex...')
#21 /var/www/html/wp-content/plugins/js_composer/include/classes/shortcodes/core/class-wpbakeryshortcode.php(546): WPBakeryShortCode_Vc_Row->content(Array, '[vc_column ptex...')
#22 /var/www/html/wp-content/plugins/js_composer/include/helpers/helpers.php(1323): WPBakeryShortCode->output(Array, '[vc_column ptex...')
#23 /var/www/html/wp-includes/shortcodes.php(355): vc_do_shortcode(Array, '[vc_column ptex...', 'vc_row')
#24 [internal function]: do_shortcode_tag(Array)
#25 /var/www/html/wp-includes/shortcodes.php(227): preg_replace_callback('/\\[(\\[?)(rev_sl...', 'do_shortcode_ta...', '<p>[vc_row full...')
#26 /var/www/html/wp-includes/class-wp-hook.php(308): do_shortcode('<p>[vc_row full...')
#27 /var/www/html/wp-includes/plugin.php(205): WP_Hook->apply_filters('<p>[vc_row full...', Array)
#28 /var/www/html/wp-includes/post-template.php(255): apply_filters('the_content', '<p>[vc_row full...')
#29 /var/www/html/wp-content/themes/pitstop/page-home.php(23): the_content()
#30 /var/www/html/wp-includes/template-loader.php(106): include('/var/www/html/w...')
#31 /var/www/html/wp-blog-header.php(19): require_once('/var/www/html/w...')
#32 /var/www/html/index.php(17): require('/var/www/html/w...')
#33 {main}
  thrown en /var/www/html/wp-content/themes/pitstop/vc_templates/common_woocommerce.php en la línea 256

